TN:
SF:models\Cart.js
FNF:0
FNH:0
DA:3,0
LF:1
LH:0
BRF:0
BRH:0
end_of_record
TN:
SF:models\Message.js
FNF:0
FNH:0
DA:3,0
DA:32,0
DA:33,0
LF:3
LH:0
BRF:0
BRH:0
end_of_record
TN:
SF:models\Notification.js
FNF:0
FNH:0
DA:3,1
DA:40,1
LF:2
LH:2
BRF:0
BRH:0
end_of_record
TN:
SF:models\Order.js
FNF:0
FNH:0
DA:3,1
LF:1
LH:1
BRF:0
BRH:0
end_of_record
TN:
SF:models\Product.js
FNF:0
FNH:0
DA:3,2
LF:1
LH:1
BRF:0
BRH:0
end_of_record
TN:
SF:models\User.js
FNF:0
FNH:0
DA:3,3
LF:1
LH:1
BRF:0
BRH:0
end_of_record
TN:
SF:routes\auth.js
FN:10,(anonymous_0)
FN:14,(anonymous_1)
FN:42,(anonymous_2)
FNF:3
FNH:3
FNDA:5,(anonymous_0)
FNDA:2,(anonymous_1)
FNDA:3,(anonymous_2)
DA:2,1
DA:9,1
DA:10,5
DA:14,1
DA:15,2
DA:17,2
DA:18,1
DA:22,1
DA:26,1
DA:33,1
DA:34,1
DA:35,1
DA:37,0
DA:42,1
DA:43,3
DA:44,3
DA:46,3
DA:47,2
DA:52,1
DA:53,1
DA:55,0
DA:56,0
DA:57,0
DA:60,1
DA:61,1
DA:64,0
DA:75,0
DA:77,0
DA:79,0
LF:29
LH:21
BRDA:9,0,0,1
BRDA:9,0,1,0
BRDA:17,1,0,1
BRDA:17,1,1,1
BRDA:17,2,0,2
BRDA:17,2,1,2
BRDA:17,2,2,1
BRDA:22,3,0,1
BRDA:22,3,1,0
BRDA:24,4,0,0
BRDA:24,4,1,0
BRDA:30,5,0,1
BRDA:30,5,1,0
BRDA:46,6,0,2
BRDA:46,6,1,1
BRDA:52,7,0,1
BRDA:52,7,1,0
BRDA:60,8,0,1
BRDA:60,8,1,0
BRF:19
BRH:12
end_of_record
TN:
SF:routes\cart.js
FN:9,(anonymous_0)
FN:20,(anonymous_1)
FN:34,(anonymous_2)
FN:44,(anonymous_3)
FN:55,(anonymous_4)
FNF:5
FNH:0
FNDA:0,(anonymous_0)
FNDA:0,(anonymous_1)
FNDA:0,(anonymous_2)
FNDA:0,(anonymous_3)
FNDA:0,(anonymous_4)
DA:5,0
DA:9,0
DA:10,0
DA:12,0
DA:13,0
DA:14,0
DA:16,0
DA:20,0
DA:21,0
DA:22,0
DA:27,0
DA:29,0
DA:34,0
DA:35,0
DA:36,0
DA:37,0
DA:39,0
DA:44,0
DA:45,0
DA:46,0
DA:47,0
DA:49,0
DA:55,0
DA:56,0
DA:57,0
DA:58,0
DA:60,0
LF:27
LH:0
BRF:0
BRH:0
end_of_record
TN:
SF:routes\message.js
FN:8,(anonymous_0)
FN:30,(anonymous_1)
FN:40,(anonymous_2)
FN:45,(anonymous_3)
FN:72,(anonymous_4)
FN:73,(anonymous_5)
FN:86,(anonymous_6)
FN:108,(anonymous_7)
FN:146,(anonymous_8)
FN:167,(anonymous_9)
FN:181,(anonymous_10)
FNF:11
FNH:0
FNDA:0,(anonymous_0)
FNDA:0,(anonymous_1)
FNDA:0,(anonymous_2)
FNDA:0,(anonymous_3)
FNDA:0,(anonymous_4)
FNDA:0,(anonymous_5)
FNDA:0,(anonymous_6)
FNDA:0,(anonymous_7)
FNDA:0,(anonymous_8)
FNDA:0,(anonymous_9)
FNDA:0,(anonymous_10)
DA:2,0
DA:8,0
DA:9,0
DA:10,0
DA:12,0
DA:23,0
DA:25,0
DA:30,0
DA:31,0
DA:32,0
DA:35,0
DA:36,0
DA:39,0
DA:40,0
DA:44,0
DA:46,0
DA:56,0
DA:62,0
DA:71,0
DA:72,0
DA:74,0
DA:75,0
DA:76,0
DA:79,0
DA:81,0
DA:86,0
DA:87,0
DA:88,0
DA:91,0
DA:98,0
DA:103,0
DA:108,0
DA:109,0
DA:110,0
DA:111,0
DA:114,0
DA:117,0
DA:118,0
DA:126,0
DA:129,0
DA:130,0
DA:132,0
DA:136,0
DA:137,0
DA:139,0
DA:141,0
DA:146,0
DA:147,0
DA:148,0
DA:160,0
DA:162,0
DA:167,0
DA:168,0
DA:169,0
DA:174,0
DA:176,0
DA:181,0
DA:182,0
DA:183,0
DA:184,0
DA:186,0
LF:61
LH:0
BRDA:74,0,0,0
BRDA:74,0,1,0
BRDA:75,1,0,0
BRDA:75,1,1,0
BRF:4
BRH:0
end_of_record
TN:
SF:routes\notification.js
FN:7,(anonymous_0)
FN:20,(anonymous_1)
FN:34,(anonymous_2)
FN:49,(anonymous_3)
FN:63,(anonymous_4)
FN:79,(anonymous_5)
FN:89,(anonymous_6)
FNF:7
FNH:0
FNDA:0,(anonymous_0)
FNDA:0,(anonymous_1)
FNDA:0,(anonymous_2)
FNDA:0,(anonymous_3)
FNDA:0,(anonymous_4)
FNDA:0,(anonymous_5)
FNDA:0,(anonymous_6)
DA:2,0
DA:7,0
DA:8,0
DA:9,0
DA:13,0
DA:15,0
DA:20,0
DA:21,0
DA:22,0
DA:27,0
DA:29,0
DA:34,0
DA:35,0
DA:36,0
DA:42,0
DA:44,0
DA:49,0
DA:50,0
DA:51,0
DA:56,0
DA:58,0
DA:63,0
DA:64,0
DA:65,0
DA:66,0
DA:69,0
DA:70,0
DA:72,0
DA:74,0
DA:79,0
DA:80,0
DA:81,0
DA:82,0
DA:84,0
DA:89,0
DA:90,0
DA:91,0
DA:92,0
DA:94,0
LF:39
LH:0
BRF:0
BRH:0
end_of_record
TN:
SF:routes\order.js
FN:11,(anonymous_0)
FN:79,(anonymous_1)
FN:151,(anonymous_2)
FN:161,(anonymous_3)
FN:171,(anonymous_4)
FN:255,(anonymous_5)
FN:278,(anonymous_6)
FN:301,(anonymous_7)
FNF:8
FNH:1
FNDA:1,(anonymous_0)
FNDA:0,(anonymous_1)
FNDA:0,(anonymous_2)
FNDA:0,(anonymous_3)
FNDA:0,(anonymous_4)
FNDA:0,(anonymous_5)
FNDA:0,(anonymous_6)
FNDA:0,(anonymous_7)
DA:8,1
DA:11,1
DA:12,1
DA:14,1
DA:16,1
DA:17,1
DA:18,1
DA:21,1
DA:23,1
DA:24,1
DA:25,1
DA:26,1
DA:27,0
DA:30,0
DA:35,1
DA:36,0
DA:37,0
DA:45,0
DA:48,0
DA:49,0
DA:50,0
DA:63,0
DA:67,1
DA:69,0
DA:70,0
DA:79,1
DA:80,0
DA:81,0
DA:83,0
DA:90,0
DA:91,0
DA:92,0
DA:93,0
DA:95,0
DA:98,0
DA:99,0
DA:100,0
DA:102,0
DA:103,0
DA:104,0
DA:106,0
DA:107,0
DA:108,0
DA:110,0
DA:111,0
DA:114,0
DA:122,0
DA:125,0
DA:126,0
DA:127,0
DA:140,0
DA:144,0
DA:146,0
DA:151,1
DA:152,0
DA:153,0
DA:154,0
DA:156,0
DA:161,1
DA:162,0
DA:163,0
DA:164,0
DA:166,0
DA:171,1
DA:172,0
DA:174,0
DA:177,0
DA:178,0
DA:181,0
DA:183,0
DA:185,0
DA:186,0
DA:188,0
DA:189,0
DA:190,0
DA:191,0
DA:192,0
DA:195,0
DA:196,0
DA:199,0
DA:213,0
DA:216,0
DA:221,0
DA:222,0
DA:223,0
DA:224,0
DA:225,0
DA:236,0
DA:237,0
DA:246,0
DA:247,0
DA:249,0
DA:250,0
DA:255,1
DA:256,0
DA:257,0
DA:258,0
DA:260,0
DA:271,0
DA:273,0
DA:278,1
DA:279,0
DA:280,0
DA:281,0
DA:283,0
DA:294,0
DA:296,0
DA:301,1
DA:302,0
DA:303,0
DA:304,0
DA:306,0
LF:112
LH:21
BRDA:26,0,0,0
BRDA:26,0,1,1
BRDA:26,1,0,1
BRDA:26,1,1,0
BRDA:49,2,0,0
BRDA:49,2,1,0
BRDA:72,3,0,0
BRDA:72,3,1,0
BRDA:90,4,0,0
BRDA:90,4,1,0
BRDA:90,5,0,0
BRDA:90,5,1,0
BRDA:90,5,2,0
BRDA:95,6,0,0
BRDA:95,6,1,0
BRDA:95,6,2,0
BRDA:95,6,3,0
BRDA:95,6,4,0
BRDA:126,7,0,0
BRDA:126,7,1,0
BRDA:191,8,0,0
BRDA:191,8,1,0
BRDA:195,9,0,0
BRDA:195,9,1,0
BRDA:221,10,0,0
BRDA:221,10,1,0
BRDA:228,11,0,0
BRDA:228,11,1,0
BRF:28
BRH:2
end_of_record
TN:
SF:routes\product.js
FN:8,(anonymous_0)
FN:31,(anonymous_1)
FN:70,(anonymous_2)
FN:87,(anonymous_3)
FN:102,(anonymous_4)
FN:112,(anonymous_5)
FN:127,(anonymous_6)
FNF:7
FNH:2
FNDA:0,(anonymous_0)
FNDA:0,(anonymous_1)
FNDA:0,(anonymous_2)
FNDA:0,(anonymous_3)
FNDA:0,(anonymous_4)
FNDA:2,(anonymous_5)
FNDA:2,(anonymous_6)
DA:4,1
DA:8,1
DA:9,0
DA:11,0
DA:19,0
DA:20,0
DA:23,0
DA:31,1
DA:32,0
DA:36,0
DA:38,0
DA:39,0
DA:43,0
DA:44,0
DA:48,0
DA:55,0
DA:57,0
DA:58,0
DA:61,0
DA:62,0
DA:70,1
DA:71,0
DA:72,0
DA:79,0
DA:81,0
DA:87,1
DA:88,0
DA:89,0
DA:93,0
DA:94,0
DA:96,0
DA:102,1
DA:103,0
DA:104,0
DA:105,0
DA:107,0
DA:112,1
DA:113,2
DA:114,2
DA:115,2
DA:119,2
DA:120,1
DA:122,0
DA:127,1
DA:128,2
DA:130,2
DA:131,2
DA:132,2
DA:133,2
DA:134,2
DA:135,0
DA:136,0
DA:139,2
DA:142,2
DA:144,0
LF:55
LH:21
BRDA:38,0,0,0
BRDA:38,0,1,0
BRDA:43,1,0,0
BRDA:43,1,1,0
BRDA:93,2,0,0
BRDA:93,2,1,0
BRDA:119,3,0,1
BRDA:119,3,1,1
BRDA:132,4,0,1
BRDA:132,4,1,1
BRDA:133,5,0,0
BRDA:133,5,1,2
BRDA:134,6,0,0
BRDA:134,6,1,2
BRF:14
BRH:6
end_of_record
TN:
SF:routes\razorpay.js
FN:11,(anonymous_0)
FN:33,(anonymous_1)
FN:62,(anonymous_2)
FNF:3
FNH:0
FNDA:0,(anonymous_0)
FNDA:0,(anonymous_1)
FNDA:0,(anonymous_2)
DA:7,0
DA:9,0
DA:11,0
DA:12,0
DA:14,0
DA:15,0
DA:18,0
DA:19,0
DA:22,0
DA:23,0
DA:29,0
DA:33,0
DA:34,0
DA:35,0
DA:37,0
DA:43,0
DA:45,0
DA:46,0
DA:51,0
DA:53,0
DA:54,0
DA:56,0
DA:57,0
DA:62,0
DA:63,0
DA:65,0
DA:66,0
DA:72,0
DA:74,0
DA:75,0
DA:76,0
DA:78,0
DA:79,0
DA:82,0
LF:34
LH:0
BRDA:14,0,0,0
BRDA:14,0,1,0
BRDA:14,1,0,0
BRDA:14,1,1,0
BRDA:22,2,0,0
BRDA:22,2,1,0
BRDA:35,3,0,0
BRDA:45,4,0,0
BRDA:45,4,1,0
BRDA:53,5,0,0
BRDA:53,5,1,0
BRDA:65,6,0,0
BRDA:65,6,1,0
BRDA:78,7,0,0
BRDA:78,7,1,0
BRF:15
BRH:0
end_of_record
TN:
SF:routes\user.js
FN:7,(anonymous_0)
FN:27,(anonymous_1)
FN:37,(anonymous_2)
FN:48,(anonymous_3)
FN:61,(anonymous_4)
FNF:5
FNH:2
FNDA:0,(anonymous_0)
FNDA:0,(anonymous_1)
FNDA:0,(anonymous_2)
FNDA:1,(anonymous_3)
FNDA:1,(anonymous_4)
DA:4,1
DA:7,1
DA:8,0
DA:9,0
DA:10,0
DA:14,0
DA:15,0
DA:20,0
DA:22,0
DA:27,1
DA:28,0
DA:29,0
DA:30,0
DA:32,0
DA:37,1
DA:38,0
DA:39,0
DA:40,0
DA:41,0
DA:43,0
DA:48,1
DA:49,1
DA:50,1
DA:51,1
DA:54,0
DA:56,1
DA:61,1
DA:62,1
DA:63,1
DA:65,1
DA:67,1
DA:81,1
DA:83,0
LF:33
LH:15
BRDA:9,0,0,0
BRDA:9,0,1,0
BRDA:51,1,0,1
BRDA:51,1,1,0
BRF:4
BRH:1
end_of_record
TN:
SF:routes\verifyToken.js
FN:4,(anonymous_0)
FN:8,(anonymous_1)
FN:18,(anonymous_2)
FN:19,(anonymous_3)
FN:28,(anonymous_4)
FN:29,(anonymous_5)
FN:40,(anonymous_6)
FN:45,(anonymous_7)
FN:65,(anonymous_8)
FN:67,(anonymous_9)
FN:77,(anonymous_10)
FN:78,(anonymous_11)
FNF:12
FNH:4
FNDA:3,(anonymous_0)
FNDA:0,(anonymous_1)
FNDA:1,(anonymous_2)
FNDA:0,(anonymous_3)
FNDA:2,(anonymous_4)
FNDA:0,(anonymous_5)
FNDA:2,(anonymous_6)
FNDA:0,(anonymous_7)
FNDA:0,(anonymous_8)
FNDA:0,(anonymous_9)
FNDA:0,(anonymous_10)
FNDA:0,(anonymous_11)
DA:4,3
DA:5,3
DA:6,3
DA:7,0
DA:8,0
DA:9,0
DA:10,0
DA:11,0
DA:14,3
DA:18,3
DA:19,1
DA:20,0
DA:21,0
DA:23,0
DA:28,3
DA:29,2
DA:30,0
DA:31,0
DA:33,0
DA:40,3
DA:41,2
DA:42,2
DA:43,2
DA:44,0
DA:45,0
DA:46,0
DA:47,0
DA:48,0
DA:50,0
DA:51,0
DA:52,0
DA:53,0
DA:55,0
DA:60,2
DA:65,3
DA:67,0
DA:68,0
DA:69,0
DA:71,0
DA:77,3
DA:78,0
DA:79,0
DA:80,0
DA:82,0
LF:44
LH:15
BRDA:6,0,0,0
BRDA:6,0,1,3
BRDA:9,1,0,0
BRDA:9,1,1,0
BRDA:20,2,0,0
BRDA:20,2,1,0
BRDA:20,3,0,0
BRDA:20,3,1,0
BRDA:30,4,0,0
BRDA:30,4,1,0
BRDA:43,5,0,0
BRDA:43,5,1,2
BRDA:46,6,0,0
BRDA:46,6,1,0
BRDA:52,7,0,0
BRDA:52,7,1,0
BRDA:68,8,0,0
BRDA:68,8,1,0
BRDA:79,9,0,0
BRDA:79,9,1,0
BRDA:79,10,0,0
BRDA:79,10,1,0
BRF:22
BRH:2
end_of_record
